zxing/build/outputs/logs/manifest-merger-debug-report.txt
-- Merging decision tree log ---
manifest
ADDED from src\main\AndroidManifest.xml:16:1-178:12
INJECTED from src\main\AndroidManifest.xml:16:1-178:12
INJECTED from src\main\AndroidManifest.xml:16:1-178:12
INJECTED from src\main\AndroidManifest.xml:16:1-178:12
INJECTED from src\main\AndroidManifest.xml:16:1-178:12
INJECTED from src\main\AndroidManifest.xml:16:1-178:12
INJECTED from src\main\AndroidManifest.xml:16:1-178:12
	package
		ADDED from src\main\AndroidManifest.xml:17:5-46
		INJECTED from src\main\AndroidManifest.xml
		INJECTED from src\main\AndroidManifest.xml
	android:versionName
		ADDED from src\main\AndroidManifest.xml:20:5-32
		INJECTED from src\main\AndroidManifest.xml
		INJECTED from src\main\AndroidManifest.xml
	xmlns:android
		ADDED from src\main\AndroidManifest.xml:16:11-69
	android:versionCode
		ADDED from src\main\AndroidManifest.xml:19:5-30
		INJECTED from src\main\AndroidManifest.xml
		INJECTED from src\main\AndroidManifest.xml
	android:installLocation
		ADDED from src\main\AndroidManifest.xml:18:5-35
uses-permission#android.permission.CAMERA
ADDED from src\main\AndroidManifest.xml:22:5-65
	android:name
		ADDED from src\main\AndroidManifest.xml:22:22-62
uses-permission#android.permission.INTERNET
ADDED from src\main\AndroidManifest.xml:23:5-67
	android:name
		ADDED from src\main\AndroidManifest.xml:23:22-64
uses-permission#android.permission.VIBRATE
ADDED from src\main\AndroidManifest.xml:24:5-66
	android:name
		ADDED from src\main\AndroidManifest.xml:24:22-63
uses-permission#android.permission.FLASHLIGHT
ADDED from src\main\AndroidManifest.xml:25:5-69
	android:name
		ADDED from src\main\AndroidManifest.xml:25:22-66
uses-permission#android.permission.READ_CONTACTS
ADDED from src\main\AndroidManifest.xml:26:5-72
	android:name
		ADDED from src\main\AndroidManifest.xml:26:22-69
uses-permission#com.android.browser.permission.READ_HISTORY_BOOKMARKS
ADDED from src\main\AndroidManifest.xml:28:5-93
	android:name
		ADDED from src\main\AndroidManifest.xml:28:22-90
uses-permission#android.permission.WRITE_EXTERNAL_STORAGE
ADDED from src\main\AndroidManifest.xml:29:5-81
	android:name
		ADDED from src\main\AndroidManifest.xml:29:22-78
uses-permission#android.permission.CHANGE_WIFI_STATE
ADDED from src\main\AndroidManifest.xml:30:5-76
	android:name
		ADDED from src\main\AndroidManifest.xml:30:22-73
uses-permission#android.permission.ACCESS_WIFI_STATE
ADDED from src\main\AndroidManifest.xml:31:5-76
	android:name
		ADDED from src\main\AndroidManifest.xml:31:22-73
uses-feature#android.hardware.camera.any
ADDED from src\main\AndroidManifest.xml:33:5-64
	android:name
		ADDED from src\main\AndroidManifest.xml:33:19-61
uses-feature#android.hardware.camera.autofocus
ADDED from src\main\AndroidManifest.xml:34:5-36:36
	android:required
		ADDED from src\main\AndroidManifest.xml:36:9-33
	android:name
		ADDED from src\main\AndroidManifest.xml:35:9-57
uses-feature#android.hardware.camera.flash
ADDED from src\main\AndroidManifest.xml:37:5-39:36
	android:required
		ADDED from src\main\AndroidManifest.xml:39:9-33
	android:name
		ADDED from src\main\AndroidManifest.xml:38:9-53
uses-feature#android.hardware.screen.landscape
ADDED from src\main\AndroidManifest.xml:40:5-70
	android:name
		ADDED from src\main\AndroidManifest.xml:40:19-67
uses-feature#android.hardware.wifi
ADDED from src\main\AndroidManifest.xml:41:5-43:36
	android:required
		ADDED from src\main\AndroidManifest.xml:43:9-33
	android:name
		ADDED from src\main\AndroidManifest.xml:42:9-45
application
ADDED from src\main\AndroidManifest.xml:45:5-176:19
activity#com.google.zxing.client.android.CaptureActivity
ADDED from src\main\AndroidManifest.xml:46:9-105:20
	android:screenOrientation
		ADDED from src\main\AndroidManifest.xml:49:13-55
	android:clearTaskOnLaunch
		ADDED from src\main\AndroidManifest.xml:48:13-45
	android:stateNotNeeded
		ADDED from src\main\AndroidManifest.xml:50:13-42
	android:windowSoftInputMode
		ADDED from src\main\AndroidManifest.xml:52:13-60
	android:theme
		ADDED from src\main\AndroidManifest.xml:51:13-48
	android:name
		ADDED from src\main\AndroidManifest.xml:47:13-44
intent-filter#android.intent.category.DEFAULT+com.google.zxing.client.android.SCAN
ADDED from src\main\AndroidManifest.xml:53:13-56:29
action#com.google.zxing.client.android.SCAN
ADDED from src\main\AndroidManifest.xml:54:17-79
	android:name
		ADDED from src\main\AndroidManifest.xml:54:25-76
category#android.intent.category.DEFAULT
ADDED from src\main\AndroidManifest.xml:55:17-76
	android:name
		ADDED from src\main\AndroidManifest.xml:55:27-73
intent-filter#android.intent.action.VIEW+android.intent.category.BROWSABLE+android.intent.category.DEFAULT
ADDED from src\main\AndroidManifest.xml:58:13-68:29
action#android.intent.action.VIEW
ADDED from src\main\AndroidManifest.xml:59:17-69
	android:name
		ADDED from src\main\AndroidManifest.xml:59:25-66
category#android.intent.category.BROWSABLE
ADDED from src\main\AndroidManifest.xml:62:17-78
	android:name
		ADDED from src\main\AndroidManifest.xml:62:27-75
data
ADDED from src\main\AndroidManifest.xml:64:17-67:45
	android:path
		ADDED from src\main\AndroidManifest.xml:66:21-41
	android:host
		ADDED from src\main\AndroidManifest.xml:65:21-53
	android:scheme
		ADDED from src\main\AndroidManifest.xml:67:21-42
	android:mimeType
		ADDED from src\main\AndroidManifest.xml:121:23-54
activity#com.google.zxing.client.android.PreferencesActivity
ADDED from src\main\AndroidManifest.xml:106:9-109:45
	android:stateNotNeeded
		ADDED from src\main\AndroidManifest.xml:109:13-42
	android:label
		ADDED from src\main\AndroidManifest.xml:108:13-53
	android:name
		ADDED from src\main\AndroidManifest.xml:107:13-48
activity#com.google.zxing.client.android.encode.EncodeActivity
ADDED from src\main\AndroidManifest.xml:110:9-129:20
	android:stateNotNeeded
		ADDED from src\main\AndroidManifest.xml:112:13-42
	android:name
		ADDED from src\main\AndroidManifest.xml:111:13-50
intent-filter#android.intent.category.DEFAULT+com.google.zxing.client.android.ENCODE
ADDED from src\main\AndroidManifest.xml:113:13-116:29
action#com.google.zxing.client.android.ENCODE
ADDED from src\main\AndroidManifest.xml:114:17-81
	android:name
		ADDED from src\main\AndroidManifest.xml:114:25-78
intent-filter#android.intent.action.SEND+android.intent.category.DEFAULT
ADDED from src\main\AndroidManifest.xml:118:13-122:29
action#android.intent.action.SEND
ADDED from src\main\AndroidManifest.xml:119:17-69
	android:name
		ADDED from src\main\AndroidManifest.xml:119:25-66
activity#com.google.zxing.client.android.book.SearchBookContentsActivity
ADDED from src\main\AndroidManifest.xml:130:9-139:20
	android:screenOrientation
		ADDED from src\main\AndroidManifest.xml:133:13-56
	android:stateNotNeeded
		ADDED from src\main\AndroidManifest.xml:134:13-42
	android:label
		ADDED from src\main\AndroidManifest.xml:132:13-45
	android:name
		ADDED from src\main\AndroidManifest.xml:131:13-60
intent-filter#android.intent.category.DEFAULT+com.google.zxing.client.android.SEARCH_BOOK_CONTENTS
ADDED from src\main\AndroidManifest.xml:135:13-138:29
action#com.google.zxing.client.android.SEARCH_BOOK_CONTENTS
ADDED from src\main\AndroidManifest.xml:136:17-95
	android:name
		ADDED from src\main\AndroidManifest.xml:136:25-92
activity#com.google.zxing.client.android.share.ShareActivity
ADDED from src\main\AndroidManifest.xml:140:9-148:20
	android:screenOrientation
		ADDED from src\main\AndroidManifest.xml:142:13-45
	android:stateNotNeeded
		ADDED from src\main\AndroidManifest.xml:143:13-42
	android:name
		ADDED from src\main\AndroidManifest.xml:141:13-48
intent-filter#android.intent.category.DEFAULT+com.google.zxing.client.android.SHARE
ADDED from src\main\AndroidManifest.xml:144:13-147:29
action#com.google.zxing.client.android.SHARE
ADDED from src\main\AndroidManifest.xml:145:17-80
	android:name
		ADDED from src\main\AndroidManifest.xml:145:25-77
activity#com.google.zxing.client.android.history.HistoryActivity
ADDED from src\main\AndroidManifest.xml:149:9-152:45
	android:stateNotNeeded
		ADDED from src\main\AndroidManifest.xml:152:13-42
	android:label
		ADDED from src\main\AndroidManifest.xml:151:13-50
	android:name
		ADDED from src\main\AndroidManifest.xml:150:13-52
activity#com.google.zxing.client.android.share.BookmarkPickerActivity
ADDED from src\main\AndroidManifest.xml:153:9-156:45
	android:stateNotNeeded
		ADDED from src\main\AndroidManifest.xml:156:13-42
	android:label
		ADDED from src\main\AndroidManifest.xml:155:13-57
	android:name
		ADDED from src\main\AndroidManifest.xml:154:13-57
activity#com.google.zxing.client.android.share.AppPickerActivity
ADDED from src\main\AndroidManifest.xml:157:9-160:45
	android:stateNotNeeded
		ADDED from src\main\AndroidManifest.xml:160:13-42
	android:label
		ADDED from src\main\AndroidManifest.xml:159:13-52
	android:name
		ADDED from src\main\AndroidManifest.xml:158:13-52
activity#com.google.zxing.client.android.HelpActivity
ADDED from src\main\AndroidManifest.xml:161:9-165:45
	android:screenOrientation
		ADDED from src\main\AndroidManifest.xml:164:13-45
	android:stateNotNeeded
		ADDED from src\main\AndroidManifest.xml:165:13-42
	android:label
		ADDED from src\main\AndroidManifest.xml:163:13-46
	android:name
		ADDED from src\main\AndroidManifest.xml:162:13-41
provider#android.support.v4.content.FileProvider
ADDED from src\main\AndroidManifest.xml:167:9-175:20
	android:grantUriPermissions
		ADDED from src\main\AndroidManifest.xml:171:13-47
	android:authorities
		ADDED from src\main\AndroidManifest.xml:169:13-79
	android:exported
		ADDED from src\main\AndroidManifest.xml:170:13-37
	android:name
		ADDED from src\main\AndroidManifest.xml:168:13-67
meta-data#android.support.FILE_PROVIDER_PATHS
ADDED from src\main\AndroidManifest.xml:172:13-174:57
	android:resource
		ADDED from src\main\AndroidManifest.xml:174:17-54
	android:name
		ADDED from src\main\AndroidManifest.xml:173:17-67
uses-sdk
INJECTED from src\main\AndroidManifest.xml reason: use-sdk injection requested
INJECTED from src\main\AndroidManifest.xml
INJECTED from src\main\AndroidManifest.xml
INJECTED from src\main\AndroidManifest.xml
INJECTED from src\main\AndroidManifest.xml
	android:targetSdkVersion
		INJECTED from src\main\AndroidManifest.xml
		ADDED from src\main\AndroidManifest.xml
		INJECTED from src\main\AndroidManifest.xml
	android:minSdkVersion
		INJECTED from src\main\AndroidManifest.xml
		ADDED from src\main\AndroidManifest.xml
		INJECTED from src\main\AndroidManifest.xml